2017-04-07T11:30:20+00:00 NOTICE (5): Page not found
2017-04-07T11:30:20+00:00 NOTICE (5): Action "index" does not exist and was not trapped in __call()
2017-04-07T11:30:20+00:00 NOTICE (5): #0 C:\xampp\htdocs\zend-v112-skeleton\library\Zend\Controller\Action.php(518): Zend_Controller_Action->__call('indexAction', Array)
#1 C:\xampp\htdocs\zend-v112-skeleton\library\Zend\Controller\Dispatcher\Standard.php(308): Zend_Controller_Action->dispatch('indexAction')
#2 C:\xampp\htdocs\zend-v112-skeleton\library\Zend\Controller\Front.php(954): Zend_Controller_Dispatcher_Standard->dispatch(Object(Zend_Controller_Request_Http), Object(Zend_Controller_Response_Http))
#3 C:\xampp\htdocs\zend-v112-skeleton\library\Zend\Application\Bootstrap\Bootstrap.php(97): Zend_Controller_Front->dispatch()
#4 C:\xampp\htdocs\zend-v112-skeleton\init.php(34): Zend_Application_Bootstrap_Bootstrap->run()
#5 C:\xampp\htdocs\zend-v112-skeleton\public\index.php(3): Application::run()
#6 {main}
2017-04-07T11:30:20+00:00 NOTICE (5): array (
  'controller' => 'error',
  'action' => 'index',
  'module' => 'default',
)
2017-04-07T11:32:43+00:00 NOTICE (5): Page not found
2017-04-07T11:32:43+00:00 NOTICE (5): Action "index" does not exist and was not trapped in __call()
2017-04-07T11:32:43+00:00 NOTICE (5): #0 C:\xampp\htdocs\zend-v112-skeleton\library\Zend\Controller\Action.php(518): Zend_Controller_Action->__call('indexAction', Array)
#1 C:\xampp\htdocs\zend-v112-skeleton\library\Zend\Controller\Dispatcher\Standard.php(308): Zend_Controller_Action->dispatch('indexAction')
#2 C:\xampp\htdocs\zend-v112-skeleton\library\Zend\Controller\Front.php(954): Zend_Controller_Dispatcher_Standard->dispatch(Object(Zend_Controller_Request_Http), Object(Zend_Controller_Response_Http))
#3 C:\xampp\htdocs\zend-v112-skeleton\library\Zend\Application\Bootstrap\Bootstrap.php(97): Zend_Controller_Front->dispatch()
#4 C:\xampp\htdocs\zend-v112-skeleton\init.php(34): Zend_Application_Bootstrap_Bootstrap->run()
#5 C:\xampp\htdocs\zend-v112-skeleton\public\index.php(3): Application::run()
#6 {main}
2017-04-07T11:32:43+00:00 NOTICE (5): array (
  'controller' => 'hello',
  'action' => 'index',
  'module' => 'default',
)
2017-04-07T11:36:53+00:00 NOTICE (5): Page not found
2017-04-07T11:36:53+00:00 NOTICE (5): Action "index" does not exist and was not trapped in __call()
2017-04-07T11:36:53+00:00 NOTICE (5): #0 C:\xampp\htdocs\zend-v112-skeleton\library\Zend\Controller\Action.php(518): Zend_Controller_Action->__call('indexAction', Array)
#1 C:\xampp\htdocs\zend-v112-skeleton\library\Zend\Controller\Dispatcher\Standard.php(308): Zend_Controller_Action->dispatch('indexAction')
#2 C:\xampp\htdocs\zend-v112-skeleton\library\Zend\Controller\Front.php(954): Zend_Controller_Dispatcher_Standard->dispatch(Object(Zend_Controller_Request_Http), Object(Zend_Controller_Response_Http))
#3 C:\xampp\htdocs\zend-v112-skeleton\library\Zend\Application\Bootstrap\Bootstrap.php(97): Zend_Controller_Front->dispatch()
#4 C:\xampp\htdocs\zend-v112-skeleton\init.php(34): Zend_Application_Bootstrap_Bootstrap->run()
#5 C:\xampp\htdocs\zend-v112-skeleton\public\index.php(3): Application::run()
#6 {main}
2017-04-07T11:36:53+00:00 NOTICE (5): array (
  'controller' => 'hello',
  'action' => 'index',
  'module' => 'default',
)
2017-04-07T11:37:22+00:00 NOTICE (5): Page not found
2017-04-07T11:37:22+00:00 NOTICE (5): Action "index" does not exist and was not trapped in __call()
2017-04-07T11:37:22+00:00 NOTICE (5): #0 C:\xampp\htdocs\zend-v112-skeleton\library\Zend\Controller\Action.php(518): Zend_Controller_Action->__call('indexAction', Array)
#1 C:\xampp\htdocs\zend-v112-skeleton\library\Zend\Controller\Dispatcher\Standard.php(308): Zend_Controller_Action->dispatch('indexAction')
#2 C:\xampp\htdocs\zend-v112-skeleton\library\Zend\Controller\Front.php(954): Zend_Controller_Dispatcher_Standard->dispatch(Object(Zend_Controller_Request_Http), Object(Zend_Controller_Response_Http))
#3 C:\xampp\htdocs\zend-v112-skeleton\library\Zend\Application\Bootstrap\Bootstrap.php(97): Zend_Controller_Front->dispatch()
#4 C:\xampp\htdocs\zend-v112-skeleton\init.php(34): Zend_Application_Bootstrap_Bootstrap->run()
#5 C:\xampp\htdocs\zend-v112-skeleton\public\index.php(3): Application::run()
#6 {main}
2017-04-07T11:37:22+00:00 NOTICE (5): array (
  'controller' => 'hello',
  'action' => 'index',
  'module' => 'default',
)
2017-04-07T11:37:25+00:00 NOTICE (5): Page not found
2017-04-07T11:37:25+00:00 NOTICE (5): Action "index" does not exist and was not trapped in __call()
2017-04-07T11:37:25+00:00 NOTICE (5): #0 C:\xampp\htdocs\zend-v112-skeleton\library\Zend\Controller\Action.php(518): Zend_Controller_Action->__call('indexAction', Array)
#1 C:\xampp\htdocs\zend-v112-skeleton\library\Zend\Controller\Dispatcher\Standard.php(308): Zend_Controller_Action->dispatch('indexAction')
#2 C:\xampp\htdocs\zend-v112-skeleton\library\Zend\Controller\Front.php(954): Zend_Controller_Dispatcher_Standard->dispatch(Object(Zend_Controller_Request_Http), Object(Zend_Controller_Response_Http))
#3 C:\xampp\htdocs\zend-v112-skeleton\library\Zend\Application\Bootstrap\Bootstrap.php(97): Zend_Controller_Front->dispatch()
#4 C:\xampp\htdocs\zend-v112-skeleton\init.php(34): Zend_Application_Bootstrap_Bootstrap->run()
#5 C:\xampp\htdocs\zend-v112-skeleton\public\index.php(3): Application::run()
#6 {main}
2017-04-07T11:37:25+00:00 NOTICE (5): array (
  'controller' => 'hello',
  'action' => 'index',
  'module' => 'default',
)
2017-04-07T11:38:28+00:00 NOTICE (5): Page not found
2017-04-07T11:38:28+00:00 NOTICE (5): Action "index" does not exist and was not trapped in __call()
2017-04-07T11:38:28+00:00 NOTICE (5): #0 C:\xampp\htdocs\zend-v112-skeleton\library\Zend\Controller\Action.php(518): Zend_Controller_Action->__call('indexAction', Array)
#1 C:\xampp\htdocs\zend-v112-skeleton\library\Zend\Controller\Dispatcher\Standard.php(308): Zend_Controller_Action->dispatch('indexAction')
#2 C:\xampp\htdocs\zend-v112-skeleton\library\Zend\Controller\Front.php(954): Zend_Controller_Dispatcher_Standard->dispatch(Object(Zend_Controller_Request_Http), Object(Zend_Controller_Response_Http))
#3 C:\xampp\htdocs\zend-v112-skeleton\library\Zend\Application\Bootstrap\Bootstrap.php(97): Zend_Controller_Front->dispatch()
#4 C:\xampp\htdocs\zend-v112-skeleton\init.php(34): Zend_Application_Bootstrap_Bootstrap->run()
#5 C:\xampp\htdocs\zend-v112-skeleton\public\index.php(3): Application::run()
#6 {main}
2017-04-07T11:38:28+00:00 NOTICE (5): array (
  'controller' => 'index',
  'action' => 'index',
  'module' => 'default',
)
2017-04-07T11:38:30+00:00 NOTICE (5): Page not found
2017-04-07T11:38:30+00:00 NOTICE (5): Action "index" does not exist and was not trapped in __call()
2017-04-07T11:38:30+00:00 NOTICE (5): #0 C:\xampp\htdocs\zend-v112-skeleton\library\Zend\Controller\Action.php(518): Zend_Controller_Action->__call('indexAction', Array)
#1 C:\xampp\htdocs\zend-v112-skeleton\library\Zend\Controller\Dispatcher\Standard.php(308): Zend_Controller_Action->dispatch('indexAction')
#2 C:\xampp\htdocs\zend-v112-skeleton\library\Zend\Controller\Front.php(954): Zend_Controller_Dispatcher_Standard->dispatch(Object(Zend_Controller_Request_Http), Object(Zend_Controller_Response_Http))
#3 C:\xampp\htdocs\zend-v112-skeleton\library\Zend\Application\Bootstrap\Bootstrap.php(97): Zend_Controller_Front->dispatch()
#4 C:\xampp\htdocs\zend-v112-skeleton\init.php(34): Zend_Application_Bootstrap_Bootstrap->run()
#5 C:\xampp\htdocs\zend-v112-skeleton\public\index.php(3): Application::run()
#6 {main}
2017-04-07T11:38:30+00:00 NOTICE (5): array (
  'controller' => 'index',
  'action' => 'index',
  'module' => 'default',
)
2017-04-07T11:44:18+00:00 NOTICE (5): Page not found
2017-04-07T11:44:18+00:00 NOTICE (5): Action "index" does not exist and was not trapped in __call()
2017-04-07T11:44:18+00:00 NOTICE (5): #0 C:\xampp\htdocs\zend-v112-skeleton\library\Zend\Controller\Action.php(518): Zend_Controller_Action->__call('indexAction', Array)
#1 C:\xampp\htdocs\zend-v112-skeleton\library\Zend\Controller\Dispatcher\Standard.php(308): Zend_Controller_Action->dispatch('indexAction')
#2 C:\xampp\htdocs\zend-v112-skeleton\library\Zend\Controller\Front.php(954): Zend_Controller_Dispatcher_Standard->dispatch(Object(Zend_Controller_Request_Http), Object(Zend_Controller_Response_Http))
#3 C:\xampp\htdocs\zend-v112-skeleton\library\Zend\Application\Bootstrap\Bootstrap.php(97): Zend_Controller_Front->dispatch()
#4 C:\xampp\htdocs\zend-v112-skeleton\init.php(34): Zend_Application_Bootstrap_Bootstrap->run()
#5 C:\xampp\htdocs\zend-v112-skeleton\public\index.php(3): Application::run()
#6 {main}
2017-04-07T11:44:18+00:00 NOTICE (5): array (
  'controller' => 'hello',
  'action' => 'index',
  'module' => 'default',
)
2017-04-07T11:45:20+00:00 NOTICE (5): Page not found
2017-04-07T11:45:20+00:00 NOTICE (5): Action "index" does not exist and was not trapped in __call()
2017-04-07T11:45:20+00:00 NOTICE (5): #0 C:\xampp\htdocs\zend-v112-skeleton\library\Zend\Controller\Action.php(518): Zend_Controller_Action->__call('indexAction', Array)
#1 C:\xampp\htdocs\zend-v112-skeleton\library\Zend\Controller\Dispatcher\Standard.php(308): Zend_Controller_Action->dispatch('indexAction')
#2 C:\xampp\htdocs\zend-v112-skeleton\library\Zend\Controller\Front.php(954): Zend_Controller_Dispatcher_Standard->dispatch(Object(Zend_Controller_Request_Http), Object(Zend_Controller_Response_Http))
#3 C:\xampp\htdocs\zend-v112-skeleton\library\Zend\Application\Bootstrap\Bootstrap.php(97): Zend_Controller_Front->dispatch()
#4 C:\xampp\htdocs\zend-v112-skeleton\init.php(34): Zend_Application_Bootstrap_Bootstrap->run()
#5 C:\xampp\htdocs\zend-v112-skeleton\public\index.php(3): Application::run()
#6 {main}
2017-04-07T11:45:20+00:00 NOTICE (5): array (
  'controller' => 'hello',
  'action' => 'index',
  'module' => 'default',
)
2017-04-07T11:45:21+00:00 NOTICE (5): Page not found
2017-04-07T11:45:21+00:00 NOTICE (5): Action "index" does not exist and was not trapped in __call()
2017-04-07T11:45:21+00:00 NOTICE (5): #0 C:\xampp\htdocs\zend-v112-skeleton\library\Zend\Controller\Action.php(518): Zend_Controller_Action->__call('indexAction', Array)
#1 C:\xampp\htdocs\zend-v112-skeleton\library\Zend\Controller\Dispatcher\Standard.php(308): Zend_Controller_Action->dispatch('indexAction')
#2 C:\xampp\htdocs\zend-v112-skeleton\library\Zend\Controller\Front.php(954): Zend_Controller_Dispatcher_Standard->dispatch(Object(Zend_Controller_Request_Http), Object(Zend_Controller_Response_Http))
#3 C:\xampp\htdocs\zend-v112-skeleton\library\Zend\Application\Bootstrap\Bootstrap.php(97): Zend_Controller_Front->dispatch()
#4 C:\xampp\htdocs\zend-v112-skeleton\init.php(34): Zend_Application_Bootstrap_Bootstrap->run()
#5 C:\xampp\htdocs\zend-v112-skeleton\public\index.php(3): Application::run()
#6 {main}
2017-04-07T11:45:21+00:00 NOTICE (5): array (
  'controller' => 'hello',
  'action' => 'index',
  'module' => 'default',
)
2017-04-07T11:46:16+00:00 NOTICE (5): Page not found
2017-04-07T11:46:16+00:00 NOTICE (5): Action "index" does not exist and was not trapped in __call()
2017-04-07T11:46:16+00:00 NOTICE (5): #0 C:\xampp\htdocs\zend-v112-skeleton\library\Zend\Controller\Action.php(518): Zend_Controller_Action->__call('indexAction', Array)
#1 C:\xampp\htdocs\zend-v112-skeleton\library\Zend\Controller\Dispatcher\Standard.php(308): Zend_Controller_Action->dispatch('indexAction')
#2 C:\xampp\htdocs\zend-v112-skeleton\library\Zend\Controller\Front.php(954): Zend_Controller_Dispatcher_Standard->dispatch(Object(Zend_Controller_Request_Http), Object(Zend_Controller_Response_Http))
#3 C:\xampp\htdocs\zend-v112-skeleton\library\Zend\Application\Bootstrap\Bootstrap.php(97): Zend_Controller_Front->dispatch()
#4 C:\xampp\htdocs\zend-v112-skeleton\init.php(34): Zend_Application_Bootstrap_Bootstrap->run()
#5 C:\xampp\htdocs\zend-v112-skeleton\public\index.php(3): Application::run()
#6 {main}
2017-04-07T11:46:16+00:00 NOTICE (5): array (
  'controller' => 'hello',
  'action' => 'index',
  'module' => 'default',
)
2017-04-07T11:46:35+00:00 NOTICE (5): Page not found
2017-04-07T11:46:35+00:00 NOTICE (5): Action "index" does not exist and was not trapped in __call()
2017-04-07T11:46:35+00:00 NOTICE (5): #0 C:\xampp\htdocs\zend-v112-skeleton\library\Zend\Controller\Action.php(518): Zend_Controller_Action->__call('indexAction', Array)
#1 C:\xampp\htdocs\zend-v112-skeleton\library\Zend\Controller\Dispatcher\Standard.php(308): Zend_Controller_Action->dispatch('indexAction')
#2 C:\xampp\htdocs\zend-v112-skeleton\library\Zend\Controller\Front.php(954): Zend_Controller_Dispatcher_Standard->dispatch(Object(Zend_Controller_Request_Http), Object(Zend_Controller_Response_Http))
#3 C:\xampp\htdocs\zend-v112-skeleton\library\Zend\Application\Bootstrap\Bootstrap.php(97): Zend_Controller_Front->dispatch()
#4 C:\xampp\htdocs\zend-v112-skeleton\init.php(34): Zend_Application_Bootstrap_Bootstrap->run()
#5 C:\xampp\htdocs\zend-v112-skeleton\public\index.php(3): Application::run()
#6 {main}
2017-04-07T11:46:35+00:00 NOTICE (5): array (
  'controller' => 'hello',
  'action' => 'index',
  'module' => 'default',
)
2017-04-07T11:47:07+00:00 NOTICE (5): Page not found
2017-04-07T11:47:07+00:00 NOTICE (5): Action "index" does not exist and was not trapped in __call()
2017-04-07T11:47:07+00:00 NOTICE (5): #0 C:\xampp\htdocs\zend-v112-skeleton\library\Zend\Controller\Action.php(518): Zend_Controller_Action->__call('indexAction', Array)
#1 C:\xampp\htdocs\zend-v112-skeleton\library\Zend\Controller\Dispatcher\Standard.php(308): Zend_Controller_Action->dispatch('indexAction')
#2 C:\xampp\htdocs\zend-v112-skeleton\library\Zend\Controller\Front.php(954): Zend_Controller_Dispatcher_Standard->dispatch(Object(Zend_Controller_Request_Http), Object(Zend_Controller_Response_Http))
#3 C:\xampp\htdocs\zend-v112-skeleton\library\Zend\Application\Bootstrap\Bootstrap.php(97): Zend_Controller_Front->dispatch()
#4 C:\xampp\htdocs\zend-v112-skeleton\init.php(34): Zend_Application_Bootstrap_Bootstrap->run()
#5 C:\xampp\htdocs\zend-v112-skeleton\public\index.php(3): Application::run()
#6 {main}
2017-04-07T11:47:07+00:00 NOTICE (5): array (
  'controller' => 'hello',
  'action' => 'index',
  'module' => 'default',
)
2017-04-07T11:48:29+00:00 NOTICE (5): Page not found
2017-04-07T11:48:29+00:00 NOTICE (5): Action "index" does not exist and was not trapped in __call()
2017-04-07T11:48:29+00:00 NOTICE (5): #0 C:\xampp\htdocs\zend-v112-skeleton\library\Zend\Controller\Action.php(518): Zend_Controller_Action->__call('indexAction', Array)
#1 C:\xampp\htdocs\zend-v112-skeleton\library\Zend\Controller\Dispatcher\Standard.php(308): Zend_Controller_Action->dispatch('indexAction')
#2 C:\xampp\htdocs\zend-v112-skeleton\library\Zend\Controller\Front.php(954): Zend_Controller_Dispatcher_Standard->dispatch(Object(Zend_Controller_Request_Http), Object(Zend_Controller_Response_Http))
#3 C:\xampp\htdocs\zend-v112-skeleton\library\Zend\Application\Bootstrap\Bootstrap.php(97): Zend_Controller_Front->dispatch()
#4 C:\xampp\htdocs\zend-v112-skeleton\init.php(34): Zend_Application_Bootstrap_Bootstrap->run()
#5 C:\xampp\htdocs\zend-v112-skeleton\public\index.php(3): Application::run()
#6 {main}
2017-04-07T11:48:29+00:00 NOTICE (5): array (
  'controller' => 'hello',
  'action' => 'index',
  'module' => 'default',
)
2017-04-07T11:48:30+00:00 NOTICE (5): Page not found
2017-04-07T11:48:30+00:00 NOTICE (5): Action "index" does not exist and was not trapped in __call()
2017-04-07T11:48:30+00:00 NOTICE (5): #0 C:\xampp\htdocs\zend-v112-skeleton\library\Zend\Controller\Action.php(518): Zend_Controller_Action->__call('indexAction', Array)
#1 C:\xampp\htdocs\zend-v112-skeleton\library\Zend\Controller\Dispatcher\Standard.php(308): Zend_Controller_Action->dispatch('indexAction')
#2 C:\xampp\htdocs\zend-v112-skeleton\library\Zend\Controller\Front.php(954): Zend_Controller_Dispatcher_Standard->dispatch(Object(Zend_Controller_Request_Http), Object(Zend_Controller_Response_Http))
#3 C:\xampp\htdocs\zend-v112-skeleton\library\Zend\Application\Bootstrap\Bootstrap.php(97): Zend_Controller_Front->dispatch()
#4 C:\xampp\htdocs\zend-v112-skeleton\init.php(34): Zend_Application_Bootstrap_Bootstrap->run()
#5 C:\xampp\htdocs\zend-v112-skeleton\public\index.php(3): Application::run()
#6 {main}
2017-04-07T11:48:30+00:00 NOTICE (5): array (
  'controller' => 'hello',
  'action' => 'index',
  'module' => 'default',
)
2017-04-07T11:48:34+00:00 NOTICE (5): Page not found
2017-04-07T11:48:34+00:00 NOTICE (5): Action "index" does not exist and was not trapped in __call()
2017-04-07T11:48:34+00:00 NOTICE (5): #0 C:\xampp\htdocs\zend-v112-skeleton\library\Zend\Controller\Action.php(518): Zend_Controller_Action->__call('indexAction', Array)
#1 C:\xampp\htdocs\zend-v112-skeleton\library\Zend\Controller\Dispatcher\Standard.php(308): Zend_Controller_Action->dispatch('indexAction')
#2 C:\xampp\htdocs\zend-v112-skeleton\library\Zend\Controller\Front.php(954): Zend_Controller_Dispatcher_Standard->dispatch(Object(Zend_Controller_Request_Http), Object(Zend_Controller_Response_Http))
#3 C:\xampp\htdocs\zend-v112-skeleton\library\Zend\Application\Bootstrap\Bootstrap.php(97): Zend_Controller_Front->dispatch()
#4 C:\xampp\htdocs\zend-v112-skeleton\init.php(34): Zend_Application_Bootstrap_Bootstrap->run()
#5 C:\xampp\htdocs\zend-v112-skeleton\public\index.php(3): Application::run()
#6 {main}
2017-04-07T11:48:34+00:00 NOTICE (5): array (
  'controller' => 'hello',
  'action' => 'index',
  'module' => 'default',
)
2017-04-07T11:48:36+00:00 NOTICE (5): Page not found
2017-04-07T11:48:36+00:00 NOTICE (5): Action "index" does not exist and was not trapped in __call()
2017-04-07T11:48:36+00:00 NOTICE (5): #0 C:\xampp\htdocs\zend-v112-skeleton\library\Zend\Controller\Action.php(518): Zend_Controller_Action->__call('indexAction', Array)
#1 C:\xampp\htdocs\zend-v112-skeleton\library\Zend\Controller\Dispatcher\Standard.php(308): Zend_Controller_Action->dispatch('indexAction')
#2 C:\xampp\htdocs\zend-v112-skeleton\library\Zend\Controller\Front.php(954): Zend_Controller_Dispatcher_Standard->dispatch(Object(Zend_Controller_Request_Http), Object(Zend_Controller_Response_Http))
#3 C:\xampp\htdocs\zend-v112-skeleton\library\Zend\Application\Bootstrap\Bootstrap.php(97): Zend_Controller_Front->dispatch()
#4 C:\xampp\htdocs\zend-v112-skeleton\init.php(34): Zend_Application_Bootstrap_Bootstrap->run()
#5 C:\xampp\htdocs\zend-v112-skeleton\public\index.php(3): Application::run()
#6 {main}
2017-04-07T11:48:36+00:00 NOTICE (5): array (
  'controller' => 'hello',
  'action' => 'index',
  'module' => 'default',
)
2017-04-07T12:01:41+00:00 NOTICE (5): Page not found
2017-04-07T12:01:41+00:00 NOTICE (5): Action "index" does not exist and was not trapped in __call()
2017-04-07T12:01:41+00:00 NOTICE (5): #0 C:\xampp\htdocs\zend-v112-skeleton\library\Zend\Controller\Action.php(518): Zend_Controller_Action->__call('indexAction', Array)
#1 C:\xampp\htdocs\zend-v112-skeleton\library\Zend\Controller\Dispatcher\Standard.php(308): Zend_Controller_Action->dispatch('indexAction')
#2 C:\xampp\htdocs\zend-v112-skeleton\library\Zend\Controller\Front.php(954): Zend_Controller_Dispatcher_Standard->dispatch(Object(Zend_Controller_Request_Http), Object(Zend_Controller_Response_Http))
#3 C:\xampp\htdocs\zend-v112-skeleton\library\Zend\Application\Bootstrap\Bootstrap.php(97): Zend_Controller_Front->dispatch()
#4 C:\xampp\htdocs\zend-v112-skeleton\init.php(34): Zend_Application_Bootstrap_Bootstrap->run()
#5 C:\xampp\htdocs\zend-v112-skeleton\public\index.php(3): Application::run()
#6 {main}
2017-04-07T12:01:41+00:00 NOTICE (5): array (
  'controller' => 'hello',
  'action' => 'index',
  'module' => 'default',
)
2017-04-07T12:02:18+00:00 NOTICE (5): Page not found
2017-04-07T12:02:18+00:00 NOTICE (5): Action "index" does not exist and was not trapped in __call()
2017-04-07T12:02:18+00:00 NOTICE (5): #0 C:\xampp\htdocs\zend-v112-skeleton\library\Zend\Controller\Action.php(518): Zend_Controller_Action->__call('indexAction', Array)
#1 C:\xampp\htdocs\zend-v112-skeleton\library\Zend\Controller\Dispatcher\Standard.php(308): Zend_Controller_Action->dispatch('indexAction')
#2 C:\xampp\htdocs\zend-v112-skeleton\library\Zend\Controller\Front.php(954): Zend_Controller_Dispatcher_Standard->dispatch(Object(Zend_Controller_Request_Http), Object(Zend_Controller_Response_Http))
#3 C:\xampp\htdocs\zend-v112-skeleton\library\Zend\Application\Bootstrap\Bootstrap.php(97): Zend_Controller_Front->dispatch()
#4 C:\xampp\htdocs\zend-v112-skeleton\init.php(34): Zend_Application_Bootstrap_Bootstrap->run()
#5 C:\xampp\htdocs\zend-v112-skeleton\public\index.php(3): Application::run()
#6 {main}
2017-04-07T12:02:18+00:00 NOTICE (5): array (
  'controller' => 'hello',
  'action' => 'index',
  'module' => 'default',
)
2017-04-07T12:02:24+00:00 NOTICE (5): Page not found
2017-04-07T12:02:24+00:00 NOTICE (5): Action "index" does not exist and was not trapped in __call()
2017-04-07T12:02:24+00:00 NOTICE (5): #0 C:\xampp\htdocs\zend-v112-skeleton\library\Zend\Controller\Action.php(518): Zend_Controller_Action->__call('indexAction', Array)
#1 C:\xampp\htdocs\zend-v112-skeleton\library\Zend\Controller\Dispatcher\Standard.php(308): Zend_Controller_Action->dispatch('indexAction')
#2 C:\xampp\htdocs\zend-v112-skeleton\library\Zend\Controller\Front.php(954): Zend_Controller_Dispatcher_Standard->dispatch(Object(Zend_Controller_Request_Http), Object(Zend_Controller_Response_Http))
#3 C:\xampp\htdocs\zend-v112-skeleton\library\Zend\Application\Bootstrap\Bootstrap.php(97): Zend_Controller_Front->dispatch()
#4 C:\xampp\htdocs\zend-v112-skeleton\init.php(34): Zend_Application_Bootstrap_Bootstrap->run()
#5 C:\xampp\htdocs\zend-v112-skeleton\public\index.php(3): Application::run()
#6 {main}
2017-04-07T12:02:24+00:00 NOTICE (5): array (
  'controller' => 'hello',
  'action' => 'index',
  'module' => 'default',
)
2017-04-07T12:02:28+00:00 NOTICE (5): Page not found
2017-04-07T12:02:28+00:00 NOTICE (5): Action "index" does not exist and was not trapped in __call()
2017-04-07T12:02:28+00:00 NOTICE (5): #0 C:\xampp\htdocs\zend-v112-skeleton\library\Zend\Controller\Action.php(518): Zend_Controller_Action->__call('indexAction', Array)
#1 C:\xampp\htdocs\zend-v112-skeleton\library\Zend\Controller\Dispatcher\Standard.php(308): Zend_Controller_Action->dispatch('indexAction')
#2 C:\xampp\htdocs\zend-v112-skeleton\library\Zend\Controller\Front.php(954): Zend_Controller_Dispatcher_Standard->dispatch(Object(Zend_Controller_Request_Http), Object(Zend_Controller_Response_Http))
#3 C:\xampp\htdocs\zend-v112-skeleton\library\Zend\Application\Bootstrap\Bootstrap.php(97): Zend_Controller_Front->dispatch()
#4 C:\xampp\htdocs\zend-v112-skeleton\init.php(34): Zend_Application_Bootstrap_Bootstrap->run()
#5 C:\xampp\htdocs\zend-v112-skeleton\public\index.php(3): Application::run()
#6 {main}
2017-04-07T12:02:28+00:00 NOTICE (5): array (
  'controller' => 'hello',
  'action' => 'index',
  'module' => 'default',
)
2017-04-07T12:02:54+00:00 NOTICE (5): Page not found
2017-04-07T12:02:54+00:00 NOTICE (5): Action "index" does not exist and was not trapped in __call()
2017-04-07T12:02:54+00:00 NOTICE (5): #0 C:\xampp\htdocs\zend-v112-skeleton\library\Zend\Controller\Action.php(518): Zend_Controller_Action->__call('indexAction', Array)
#1 C:\xampp\htdocs\zend-v112-skeleton\library\Zend\Controller\Dispatcher\Standard.php(308): Zend_Controller_Action->dispatch('indexAction')
#2 C:\xampp\htdocs\zend-v112-skeleton\library\Zend\Controller\Front.php(954): Zend_Controller_Dispatcher_Standard->dispatch(Object(Zend_Controller_Request_Http), Object(Zend_Controller_Response_Http))
#3 C:\xampp\htdocs\zend-v112-skeleton\library\Zend\Application\Bootstrap\Bootstrap.php(97): Zend_Controller_Front->dispatch()
#4 C:\xampp\htdocs\zend-v112-skeleton\init.php(34): Zend_Application_Bootstrap_Bootstrap->run()
#5 C:\xampp\htdocs\zend-v112-skeleton\public\index.php(3): Application::run()
#6 {main}
2017-04-07T12:02:54+00:00 NOTICE (5): array (
  'controller' => 'hello',
  'action' => 'index',
  'module' => 'default',
)
2017-04-07T14:04:42+02:00 NOTICE (5): Page not found
2017-04-07T14:04:42+02:00 NOTICE (5): Action "index" does not exist and was not trapped in __call()
2017-04-07T14:04:42+02:00 NOTICE (5): #0 C:\xampp\htdocs\zend-v112-skeleton\library\Zend\Controller\Action.php(518): Zend_Controller_Action->__call('indexAction', Array)
#1 C:\xampp\htdocs\zend-v112-skeleton\library\Zend\Controller\Dispatcher\Standard.php(308): Zend_Controller_Action->dispatch('indexAction')
#2 C:\xampp\htdocs\zend-v112-skeleton\library\Zend\Controller\Front.php(954): Zend_Controller_Dispatcher_Standard->dispatch(Object(Zend_Controller_Request_Http), Object(Zend_Controller_Response_Http))
#3 C:\xampp\htdocs\zend-v112-skeleton\library\Zend\Application\Bootstrap\Bootstrap.php(97): Zend_Controller_Front->dispatch()
#4 C:\xampp\htdocs\zend-v112-skeleton\init.php(34): Zend_Application_Bootstrap_Bootstrap->run()
#5 C:\xampp\htdocs\zend-v112-skeleton\public\index.php(3): Application::run()
#6 {main}
2017-04-07T14:04:42+02:00 NOTICE (5): array (
  'controller' => 'hello',
  'action' => 'index',
  'module' => 'default',
)
2017-04-07T12:07:25+00:00 NOTICE (5): Page not found
2017-04-07T12:07:25+00:00 NOTICE (5): Action "index" does not exist and was not trapped in __call()
2017-04-07T12:07:25+00:00 NOTICE (5): #0 C:\xampp\htdocs\zend-v112-skeleton\library\Zend\Controller\Action.php(518): Zend_Controller_Action->__call('indexAction', Array)
#1 C:\xampp\htdocs\zend-v112-skeleton\library\Zend\Controller\Dispatcher\Standard.php(308): Zend_Controller_Action->dispatch('indexAction')
#2 C:\xampp\htdocs\zend-v112-skeleton\library\Zend\Controller\Front.php(954): Zend_Controller_Dispatcher_Standard->dispatch(Object(Zend_Controller_Request_Http), Object(Zend_Controller_Response_Http))
#3 C:\xampp\htdocs\zend-v112-skeleton\library\Zend\Application\Bootstrap\Bootstrap.php(97): Zend_Controller_Front->dispatch()
#4 C:\xampp\htdocs\zend-v112-skeleton\init.php(34): Zend_Application_Bootstrap_Bootstrap->run()
#5 C:\xampp\htdocs\zend-v112-skeleton\public\index.php(3): Application::run()
#6 {main}
2017-04-07T12:07:25+00:00 NOTICE (5): array (
  'controller' => 'hello',
  'action' => 'index',
  'module' => 'default',
)
2017-04-07T12:07:28+00:00 NOTICE (5): Page not found
2017-04-07T12:07:28+00:00 NOTICE (5): Invalid controller specified (hell)
2017-04-07T12:07:28+00:00 NOTICE (5): #0 C:\xampp\htdocs\zend-v112-skeleton\library\Zend\Controller\Front.php(954): Zend_Controller_Dispatcher_Standard->dispatch(Object(Zend_Controller_Request_Http), Object(Zend_Controller_Response_Http))
#1 C:\xampp\htdocs\zend-v112-skeleton\library\Zend\Application\Bootstrap\Bootstrap.php(97): Zend_Controller_Front->dispatch()
#2 C:\xampp\htdocs\zend-v112-skeleton\init.php(34): Zend_Application_Bootstrap_Bootstrap->run()
#3 C:\xampp\htdocs\zend-v112-skeleton\public\index.php(3): Application::run()
#4 {main}
2017-04-07T12:07:28+00:00 NOTICE (5): array (
  'controller' => 'hell',
  'action' => 'index',
  'module' => 'default',
)
2017-04-07T12:13:51+00:00 NOTICE (5): Page not found
2017-04-07T12:13:51+00:00 NOTICE (5): Action "index" does not exist and was not trapped in __call()
2017-04-07T12:13:51+00:00 NOTICE (5): #0 C:\xampp\htdocs\zend-v112-skeleton\library\Zend\Controller\Action.php(518): Zend_Controller_Action->__call('indexAction', Array)
#1 C:\xampp\htdocs\zend-v112-skeleton\library\Zend\Controller\Dispatcher\Standard.php(308): Zend_Controller_Action->dispatch('indexAction')
#2 C:\xampp\htdocs\zend-v112-skeleton\library\Zend\Controller\Front.php(954): Zend_Controller_Dispatcher_Standard->dispatch(Object(Zend_Controller_Request_Http), Object(Zend_Controller_Response_Http))
#3 C:\xampp\htdocs\zend-v112-skeleton\library\Zend\Application\Bootstrap\Bootstrap.php(97): Zend_Controller_Front->dispatch()
#4 C:\xampp\htdocs\zend-v112-skeleton\init.php(34): Zend_Application_Bootstrap_Bootstrap->run()
#5 C:\xampp\htdocs\zend-v112-skeleton\public\index.php(3): Application::run()
#6 {main}
2017-04-07T12:13:51+00:00 NOTICE (5): array (
  'controller' => 'hello',
  'action' => 'index',
  'module' => 'default',
)
2017-04-07T12:20:00+00:00 NOTICE (5): Page not found
2017-04-07T12:20:00+00:00 NOTICE (5): Action "index" does not exist and was not trapped in __call()
2017-04-07T12:20:00+00:00 NOTICE (5): #0 C:\xampp\htdocs\zend-v112-skeleton\library\Zend\Controller\Action.php(518): Zend_Controller_Action->__call('indexAction', Array)
#1 C:\xampp\htdocs\zend-v112-skeleton\library\Zend\Controller\Dispatcher\Standard.php(308): Zend_Controller_Action->dispatch('indexAction')
#2 C:\xampp\htdocs\zend-v112-skeleton\library\Zend\Controller\Front.php(954): Zend_Controller_Dispatcher_Standard->dispatch(Object(Zend_Controller_Request_Http), Object(Zend_Controller_Response_Http))
#3 C:\xampp\htdocs\zend-v112-skeleton\library\Zend\Application\Bootstrap\Bootstrap.php(97): Zend_Controller_Front->dispatch()
#4 C:\xampp\htdocs\zend-v112-skeleton\init.php(34): Zend_Application_Bootstrap_Bootstrap->run()
#5 C:\xampp\htdocs\zend-v112-skeleton\public\index.php(3): Application::run()
#6 {main}
2017-04-07T12:20:00+00:00 NOTICE (5): array (
  'controller' => 'hello',
  'action' => 'index',
  'module' => 'default',
)
2017-04-07T12:21:40+00:00 NOTICE (5): Page not found
2017-04-07T12:21:40+00:00 NOTICE (5): Invalid controller specified (UserController)
2017-04-07T12:21:40+00:00 NOTICE (5): #0 C:\xampp\htdocs\zend-v112-skeleton\library\Zend\Controller\Front.php(954): Zend_Controller_Dispatcher_Standard->dispatch(Object(Zend_Controller_Request_Http), Object(Zend_Controller_Response_Http))
#1 C:\xampp\htdocs\zend-v112-skeleton\library\Zend\Application\Bootstrap\Bootstrap.php(97): Zend_Controller_Front->dispatch()
#2 C:\xampp\htdocs\zend-v112-skeleton\init.php(34): Zend_Application_Bootstrap_Bootstrap->run()
#3 C:\xampp\htdocs\zend-v112-skeleton\public\index.php(3): Application::run()
#4 {main}
2017-04-07T12:21:40+00:00 NOTICE (5): array (
  'controller' => 'UserController',
  'module' => 'default',
  'action' => 'home',
)
2017-04-07T12:22:08+00:00 NOTICE (5): Page not found
2017-04-07T12:22:08+00:00 NOTICE (5): Invalid controller specified (ceva)
2017-04-07T12:22:08+00:00 NOTICE (5): #0 C:\xampp\htdocs\zend-v112-skeleton\library\Zend\Controller\Front.php(954): Zend_Controller_Dispatcher_Standard->dispatch(Object(Zend_Controller_Request_Http), Object(Zend_Controller_Response_Http))
#1 C:\xampp\htdocs\zend-v112-skeleton\library\Zend\Application\Bootstrap\Bootstrap.php(97): Zend_Controller_Front->dispatch()
#2 C:\xampp\htdocs\zend-v112-skeleton\init.php(34): Zend_Application_Bootstrap_Bootstrap->run()
#3 C:\xampp\htdocs\zend-v112-skeleton\public\index.php(3): Application::run()
#4 {main}
2017-04-07T12:22:08+00:00 NOTICE (5): array (
  'controller' => 'ceva',
  'action' => 'index',
  'module' => 'default',
)
2017-04-07T12:22:50+00:00 NOTICE (5): Page not found
2017-04-07T12:22:50+00:00 NOTICE (5): Invalid controller specified (UserController)
2017-04-07T12:22:50+00:00 NOTICE (5): #0 C:\xampp\htdocs\zend-v112-skeleton\library\Zend\Controller\Front.php(954): Zend_Controller_Dispatcher_Standard->dispatch(Object(Zend_Controller_Request_Http), Object(Zend_Controller_Response_Http))
#1 C:\xampp\htdocs\zend-v112-skeleton\library\Zend\Application\Bootstrap\Bootstrap.php(97): Zend_Controller_Front->dispatch()
#2 C:\xampp\htdocs\zend-v112-skeleton\init.php(34): Zend_Application_Bootstrap_Bootstrap->run()
#3 C:\xampp\htdocs\zend-v112-skeleton\public\index.php(3): Application::run()
#4 {main}
2017-04-07T12:22:50+00:00 NOTICE (5): array (
  'controller' => 'UserController',
  'module' => 'default',
  'action' => 'home',
)
2017-04-07T12:22:58+00:00 NOTICE (5): Page not found
2017-04-07T12:22:58+00:00 NOTICE (5): Invalid controller specified (UserController)
2017-04-07T12:22:58+00:00 NOTICE (5): #0 C:\xampp\htdocs\zend-v112-skeleton\library\Zend\Controller\Front.php(954): Zend_Controller_Dispatcher_Standard->dispatch(Object(Zend_Controller_Request_Http), Object(Zend_Controller_Response_Http))
#1 C:\xampp\htdocs\zend-v112-skeleton\library\Zend\Application\Bootstrap\Bootstrap.php(97): Zend_Controller_Front->dispatch()
#2 C:\xampp\htdocs\zend-v112-skeleton\init.php(34): Zend_Application_Bootstrap_Bootstrap->run()
#3 C:\xampp\htdocs\zend-v112-skeleton\public\index.php(3): Application::run()
#4 {main}
2017-04-07T12:22:58+00:00 NOTICE (5): array (
  'controller' => 'UserController',
  'module' => 'default',
  'action' => 'home',
)
2017-04-07T12:23:22+00:00 NOTICE (5): Page not found
2017-04-07T12:23:22+00:00 NOTICE (5): Invalid controller specified (UserController)
2017-04-07T12:23:22+00:00 NOTICE (5): #0 C:\xampp\htdocs\zend-v112-skeleton\library\Zend\Controller\Front.php(954): Zend_Controller_Dispatcher_Standard->dispatch(Object(Zend_Controller_Request_Http), Object(Zend_Controller_Response_Http))
#1 C:\xampp\htdocs\zend-v112-skeleton\library\Zend\Application\Bootstrap\Bootstrap.php(97): Zend_Controller_Front->dispatch()
#2 C:\xampp\htdocs\zend-v112-skeleton\init.php(34): Zend_Application_Bootstrap_Bootstrap->run()
#3 C:\xampp\htdocs\zend-v112-skeleton\public\index.php(3): Application::run()
#4 {main}
2017-04-07T12:23:22+00:00 NOTICE (5): array (
  'controller' => 'UserController',
  'module' => 'default',
  'action' => 'home',
)
2017-04-07T12:23:25+00:00 NOTICE (5): Page not found
2017-04-07T12:23:25+00:00 NOTICE (5): Invalid controller specified (UserController)
2017-04-07T12:23:25+00:00 NOTICE (5): #0 C:\xampp\htdocs\zend-v112-skeleton\library\Zend\Controller\Front.php(954): Zend_Controller_Dispatcher_Standard->dispatch(Object(Zend_Controller_Request_Http), Object(Zend_Controller_Response_Http))
#1 C:\xampp\htdocs\zend-v112-skeleton\library\Zend\Application\Bootstrap\Bootstrap.php(97): Zend_Controller_Front->dispatch()
#2 C:\xampp\htdocs\zend-v112-skeleton\init.php(34): Zend_Application_Bootstrap_Bootstrap->run()
#3 C:\xampp\htdocs\zend-v112-skeleton\public\index.php(3): Application::run()
#4 {main}
2017-04-07T12:23:25+00:00 NOTICE (5): array (
  'controller' => 'UserController',
  'module' => 'default',
  'action' => 'home',
)
2017-04-07T12:23:46+00:00 NOTICE (5): Page not found
2017-04-07T12:23:46+00:00 NOTICE (5): Invalid controller specified (UserController)
2017-04-07T12:23:46+00:00 NOTICE (5): #0 C:\xampp\htdocs\zend-v112-skeleton\library\Zend\Controller\Front.php(954): Zend_Controller_Dispatcher_Standard->dispatch(Object(Zend_Controller_Request_Http), Object(Zend_Controller_Response_Http))
#1 C:\xampp\htdocs\zend-v112-skeleton\library\Zend\Application\Bootstrap\Bootstrap.php(97): Zend_Controller_Front->dispatch()
#2 C:\xampp\htdocs\zend-v112-skeleton\init.php(34): Zend_Application_Bootstrap_Bootstrap->run()
#3 C:\xampp\htdocs\zend-v112-skeleton\public\index.php(3): Application::run()
#4 {main}
2017-04-07T12:23:46+00:00 NOTICE (5): array (
  'controller' => 'UserController',
  'module' => 'default',
  'action' => 'home',
)
2017-04-07T12:23:59+00:00 NOTICE (5): Page not found
2017-04-07T12:23:59+00:00 NOTICE (5): Invalid controller specified (UserController)
2017-04-07T12:23:59+00:00 NOTICE (5): #0 C:\xampp\htdocs\zend-v112-skeleton\library\Zend\Controller\Front.php(954): Zend_Controller_Dispatcher_Standard->dispatch(Object(Zend_Controller_Request_Http), Object(Zend_Controller_Response_Http))
#1 C:\xampp\htdocs\zend-v112-skeleton\library\Zend\Application\Bootstrap\Bootstrap.php(97): Zend_Controller_Front->dispatch()
#2 C:\xampp\htdocs\zend-v112-skeleton\init.php(34): Zend_Application_Bootstrap_Bootstrap->run()
#3 C:\xampp\htdocs\zend-v112-skeleton\public\index.php(3): Application::run()
#4 {main}
2017-04-07T12:23:59+00:00 NOTICE (5): array (
  'controller' => 'UserController',
  'module' => 'default',
  'action' => 'home',
)
2017-04-07T12:24:34+00:00 NOTICE (5): Page not found
2017-04-07T12:24:34+00:00 NOTICE (5): Invalid controller specified (UserController)
2017-04-07T12:24:34+00:00 NOTICE (5): #0 C:\xampp\htdocs\zend-v112-skeleton\library\Zend\Controller\Front.php(954): Zend_Controller_Dispatcher_Standard->dispatch(Object(Zend_Controller_Request_Http), Object(Zend_Controller_Response_Http))
#1 C:\xampp\htdocs\zend-v112-skeleton\library\Zend\Application\Bootstrap\Bootstrap.php(97): Zend_Controller_Front->dispatch()
#2 C:\xampp\htdocs\zend-v112-skeleton\init.php(34): Zend_Application_Bootstrap_Bootstrap->run()
#3 C:\xampp\htdocs\zend-v112-skeleton\public\index.php(3): Application::run()
#4 {main}
2017-04-07T12:24:34+00:00 NOTICE (5): array (
  'controller' => 'UserController',
  'module' => 'default',
  'action' => 'home',
)
2017-04-07T12:25:02+00:00 NOTICE (5): Page not found
2017-04-07T12:25:02+00:00 NOTICE (5): Action "index" does not exist and was not trapped in __call()
2017-04-07T12:25:02+00:00 NOTICE (5): #0 C:\xampp\htdocs\zend-v112-skeleton\library\Zend\Controller\Action.php(518): Zend_Controller_Action->__call('indexAction', Array)
#1 C:\xampp\htdocs\zend-v112-skeleton\library\Zend\Controller\Dispatcher\Standard.php(308): Zend_Controller_Action->dispatch('indexAction')
#2 C:\xampp\htdocs\zend-v112-skeleton\library\Zend\Controller\Front.php(954): Zend_Controller_Dispatcher_Standard->dispatch(Object(Zend_Controller_Request_Http), Object(Zend_Controller_Response_Http))
#3 C:\xampp\htdocs\zend-v112-skeleton\library\Zend\Application\Bootstrap\Bootstrap.php(97): Zend_Controller_Front->dispatch()
#4 C:\xampp\htdocs\zend-v112-skeleton\init.php(34): Zend_Application_Bootstrap_Bootstrap->run()
#5 C:\xampp\htdocs\zend-v112-skeleton\public\index.php(3): Application::run()
#6 {main}
2017-04-07T12:25:02+00:00 NOTICE (5): array (
  'controller' => 'user',
  'action' => 'index',
  'module' => 'default',
)
2017-04-07T12:25:06+00:00 NOTICE (5): Page not found
2017-04-07T12:25:06+00:00 NOTICE (5): Invalid controller specified (UserController)
2017-04-07T12:25:06+00:00 NOTICE (5): #0 C:\xampp\htdocs\zend-v112-skeleton\library\Zend\Controller\Front.php(954): Zend_Controller_Dispatcher_Standard->dispatch(Object(Zend_Controller_Request_Http), Object(Zend_Controller_Response_Http))
#1 C:\xampp\htdocs\zend-v112-skeleton\library\Zend\Application\Bootstrap\Bootstrap.php(97): Zend_Controller_Front->dispatch()
#2 C:\xampp\htdocs\zend-v112-skeleton\init.php(34): Zend_Application_Bootstrap_Bootstrap->run()
#3 C:\xampp\htdocs\zend-v112-skeleton\public\index.php(3): Application::run()
#4 {main}
2017-04-07T12:25:06+00:00 NOTICE (5): array (
  'controller' => 'UserController',
  'module' => 'default',
  'action' => 'home',
)
2017-04-07T12:25:14+00:00 NOTICE (5): Page not found
2017-04-07T12:25:14+00:00 NOTICE (5): Invalid controller specified (UserController)
2017-04-07T12:25:14+00:00 NOTICE (5): #0 C:\xampp\htdocs\zend-v112-skeleton\library\Zend\Controller\Front.php(954): Zend_Controller_Dispatcher_Standard->dispatch(Object(Zend_Controller_Request_Http), Object(Zend_Controller_Response_Http))
#1 C:\xampp\htdocs\zend-v112-skeleton\library\Zend\Application\Bootstrap\Bootstrap.php(97): Zend_Controller_Front->dispatch()
#2 C:\xampp\htdocs\zend-v112-skeleton\init.php(34): Zend_Application_Bootstrap_Bootstrap->run()
#3 C:\xampp\htdocs\zend-v112-skeleton\public\index.php(3): Application::run()
#4 {main}
2017-04-07T12:25:14+00:00 NOTICE (5): array (
  'controller' => 'UserController',
  'module' => 'default',
  'action' => 'home',
)
2017-04-07T12:25:43+00:00 NOTICE (5): Page not found
2017-04-07T12:25:43+00:00 NOTICE (5): Invalid controller specified (UserController)
2017-04-07T12:25:43+00:00 NOTICE (5): #0 C:\xampp\htdocs\zend-v112-skeleton\library\Zend\Controller\Front.php(954): Zend_Controller_Dispatcher_Standard->dispatch(Object(Zend_Controller_Request_Http), Object(Zend_Controller_Response_Http))
#1 C:\xampp\htdocs\zend-v112-skeleton\library\Zend\Application\Bootstrap\Bootstrap.php(97): Zend_Controller_Front->dispatch()
#2 C:\xampp\htdocs\zend-v112-skeleton\init.php(34): Zend_Application_Bootstrap_Bootstrap->run()
#3 C:\xampp\htdocs\zend-v112-skeleton\public\index.php(3): Application::run()
#4 {main}
2017-04-07T12:25:43+00:00 NOTICE (5): array (
  'controller' => 'UserController',
  'module' => 'default',
  'action' => 'home',
)
2017-04-07T12:26:07+00:00 NOTICE (5): Page not found
2017-04-07T12:26:07+00:00 NOTICE (5): Invalid controller specified (UserController)
2017-04-07T12:26:07+00:00 NOTICE (5): #0 C:\xampp\htdocs\zend-v112-skeleton\library\Zend\Controller\Front.php(954): Zend_Controller_Dispatcher_Standard->dispatch(Object(Zend_Controller_Request_Http), Object(Zend_Controller_Response_Http))
#1 C:\xampp\htdocs\zend-v112-skeleton\library\Zend\Application\Bootstrap\Bootstrap.php(97): Zend_Controller_Front->dispatch()
#2 C:\xampp\htdocs\zend-v112-skeleton\init.php(34): Zend_Application_Bootstrap_Bootstrap->run()
#3 C:\xampp\htdocs\zend-v112-skeleton\public\index.php(3): Application::run()
#4 {main}
2017-04-07T12:26:07+00:00 NOTICE (5): array (
  'controller' => 'UserController',
  'module' => 'default',
  'action' => 'home',
)
2017-04-07T12:26:20+00:00 NOTICE (5): Page not found
2017-04-07T12:26:20+00:00 NOTICE (5): Action "index" does not exist and was not trapped in __call()
2017-04-07T12:26:20+00:00 NOTICE (5): #0 C:\xampp\htdocs\zend-v112-skeleton\library\Zend\Controller\Action.php(518): Zend_Controller_Action->__call('indexAction', Array)
#1 C:\xampp\htdocs\zend-v112-skeleton\library\Zend\Controller\Dispatcher\Standard.php(308): Zend_Controller_Action->dispatch('indexAction')
#2 C:\xampp\htdocs\zend-v112-skeleton\library\Zend\Controller\Front.php(954): Zend_Controller_Dispatcher_Standard->dispatch(Object(Zend_Controller_Request_Http), Object(Zend_Controller_Response_Http))
#3 C:\xampp\htdocs\zend-v112-skeleton\library\Zend\Application\Bootstrap\Bootstrap.php(97): Zend_Controller_Front->dispatch()
#4 C:\xampp\htdocs\zend-v112-skeleton\init.php(34): Zend_Application_Bootstrap_Bootstrap->run()
#5 C:\xampp\htdocs\zend-v112-skeleton\public\index.php(3): Application::run()
#6 {main}
2017-04-07T12:26:20+00:00 NOTICE (5): array (
  'controller' => 'user',
  'action' => 'index',
  'module' => 'default',
)
2017-04-07T12:26:28+00:00 NOTICE (5): Page not found
2017-04-07T12:26:28+00:00 NOTICE (5): Invalid controller specified (UserController)
2017-04-07T12:26:28+00:00 NOTICE (5): #0 C:\xampp\htdocs\zend-v112-skeleton\library\Zend\Controller\Front.php(954): Zend_Controller_Dispatcher_Standard->dispatch(Object(Zend_Controller_Request_Http), Object(Zend_Controller_Response_Http))
#1 C:\xampp\htdocs\zend-v112-skeleton\library\Zend\Application\Bootstrap\Bootstrap.php(97): Zend_Controller_Front->dispatch()
#2 C:\xampp\htdocs\zend-v112-skeleton\init.php(34): Zend_Application_Bootstrap_Bootstrap->run()
#3 C:\xampp\htdocs\zend-v112-skeleton\public\index.php(3): Application::run()
#4 {main}
2017-04-07T12:26:28+00:00 NOTICE (5): array (
  'controller' => 'UserController',
  'module' => 'default',
  'action' => 'home',
)
2017-04-07T12:26:55+00:00 NOTICE (5): Page not found
2017-04-07T12:26:55+00:00 NOTICE (5): Invalid controller specified (UserCotroller)
2017-04-07T12:26:55+00:00 NOTICE (5): #0 C:\xampp\htdocs\zend-v112-skeleton\library\Zend\Controller\Front.php(954): Zend_Controller_Dispatcher_Standard->dispatch(Object(Zend_Controller_Request_Http), Object(Zend_Controller_Response_Http))
#1 C:\xampp\htdocs\zend-v112-skeleton\library\Zend\Application\Bootstrap\Bootstrap.php(97): Zend_Controller_Front->dispatch()
#2 C:\xampp\htdocs\zend-v112-skeleton\init.php(34): Zend_Application_Bootstrap_Bootstrap->run()
#3 C:\xampp\htdocs\zend-v112-skeleton\public\index.php(3): Application::run()
#4 {main}
2017-04-07T12:26:55+00:00 NOTICE (5): array (
  'controller' => 'UserCotroller',
  'module' => 'default',
  'action' => 'home',
)
2017-04-07T12:26:56+00:00 NOTICE (5): Page not found
2017-04-07T12:26:56+00:00 NOTICE (5): Invalid controller specified (UserCotroller)
2017-04-07T12:26:56+00:00 NOTICE (5): #0 C:\xampp\htdocs\zend-v112-skeleton\library\Zend\Controller\Front.php(954): Zend_Controller_Dispatcher_Standard->dispatch(Object(Zend_Controller_Request_Http), Object(Zend_Controller_Response_Http))
#1 C:\xampp\htdocs\zend-v112-skeleton\library\Zend\Application\Bootstrap\Bootstrap.php(97): Zend_Controller_Front->dispatch()
#2 C:\xampp\htdocs\zend-v112-skeleton\init.php(34): Zend_Application_Bootstrap_Bootstrap->run()
#3 C:\xampp\htdocs\zend-v112-skeleton\public\index.php(3): Application::run()
#4 {main}
2017-04-07T12:26:56+00:00 NOTICE (5): array (
  'controller' => 'UserCotroller',
  'module' => 'default',
  'action' => 'home',
)
2017-04-07T12:27:43+00:00 NOTICE (5): Page not found
2017-04-07T12:27:43+00:00 NOTICE (5): Invalid controller specified (UserController)
2017-04-07T12:27:43+00:00 NOTICE (5): #0 C:\xampp\htdocs\zend-v112-skeleton\library\Zend\Controller\Front.php(954): Zend_Controller_Dispatcher_Standard->dispatch(Object(Zend_Controller_Request_Http), Object(Zend_Controller_Response_Http))
#1 C:\xampp\htdocs\zend-v112-skeleton\library\Zend\Application\Bootstrap\Bootstrap.php(97): Zend_Controller_Front->dispatch()
#2 C:\xampp\htdocs\zend-v112-skeleton\init.php(34): Zend_Application_Bootstrap_Bootstrap->run()
#3 C:\xampp\htdocs\zend-v112-skeleton\public\index.php(3): Application::run()
#4 {main}
2017-04-07T12:27:43+00:00 NOTICE (5): array (
  'controller' => 'UserController',
  'module' => 'default',
  'action' => 'home',
)
2017-04-07T12:28:04+00:00 NOTICE (5): Page not found
2017-04-07T12:28:04+00:00 NOTICE (5): Invalid controller specified (UserController)
2017-04-07T12:28:04+00:00 NOTICE (5): #0 C:\xampp\htdocs\zend-v112-skeleton\library\Zend\Controller\Front.php(954): Zend_Controller_Dispatcher_Standard->dispatch(Object(Zend_Controller_Request_Http), Object(Zend_Controller_Response_Http))
#1 C:\xampp\htdocs\zend-v112-skeleton\library\Zend\Application\Bootstrap\Bootstrap.php(97): Zend_Controller_Front->dispatch()
#2 C:\xampp\htdocs\zend-v112-skeleton\init.php(34): Zend_Application_Bootstrap_Bootstrap->run()
#3 C:\xampp\htdocs\zend-v112-skeleton\public\index.php(3): Application::run()
#4 {main}
2017-04-07T12:28:04+00:00 NOTICE (5): array (
  'controller' => 'UserController',
  'module' => 'default',
  'action' => 'user',
)
2017-04-07T12:28:07+00:00 NOTICE (5): Page not found
2017-04-07T12:28:07+00:00 NOTICE (5): Action "index" does not exist and was not trapped in __call()
2017-04-07T12:28:07+00:00 NOTICE (5): #0 C:\xampp\htdocs\zend-v112-skeleton\library\Zend\Controller\Action.php(518): Zend_Controller_Action->__call('indexAction', Array)
#1 C:\xampp\htdocs\zend-v112-skeleton\library\Zend\Controller\Dispatcher\Standard.php(308): Zend_Controller_Action->dispatch('indexAction')
#2 C:\xampp\htdocs\zend-v112-skeleton\library\Zend\Controller\Front.php(954): Zend_Controller_Dispatcher_Standard->dispatch(Object(Zend_Controller_Request_Http), Object(Zend_Controller_Response_Http))
#3 C:\xampp\htdocs\zend-v112-skeleton\library\Zend\Application\Bootstrap\Bootstrap.php(97): Zend_Controller_Front->dispatch()
#4 C:\xampp\htdocs\zend-v112-skeleton\init.php(34): Zend_Application_Bootstrap_Bootstrap->run()
#5 C:\xampp\htdocs\zend-v112-skeleton\public\index.php(3): Application::run()
#6 {main}
2017-04-07T12:28:07+00:00 NOTICE (5): array (
  'controller' => 'user',
  'action' => 'index',
  'module' => 'default',
)
2017-04-07T12:28:28+00:00 NOTICE (5): Page not found
2017-04-07T12:28:28+00:00 NOTICE (5): Invalid controller specified (hello)
2017-04-07T12:28:28+00:00 NOTICE (5): #0 C:\xampp\htdocs\zend-v112-skeleton\library\Zend\Controller\Front.php(954): Zend_Controller_Dispatcher_Standard->dispatch(Object(Zend_Controller_Request_Http), Object(Zend_Controller_Response_Http))
#1 C:\xampp\htdocs\zend-v112-skeleton\library\Zend\Application\Bootstrap\Bootstrap.php(97): Zend_Controller_Front->dispatch()
#2 C:\xampp\htdocs\zend-v112-skeleton\init.php(34): Zend_Application_Bootstrap_Bootstrap->run()
#3 C:\xampp\htdocs\zend-v112-skeleton\public\index.php(3): Application::run()
#4 {main}
2017-04-07T12:28:28+00:00 NOTICE (5): array (
  'controller' => 'hello',
  'module' => 'default',
  'action' => 'hello',
)
2017-04-07T12:31:23+00:00 CRIT (2): Application error
2017-04-07T12:31:23+00:00 CRIT (2): script 'hello/hello.phtml' not found in path (C:/xampp/htdocs/zend-v112-skeleton/application/modules/default/views\scripts/)
2017-04-07T12:31:23+00:00 CRIT (2): #0 C:\xampp\htdocs\zend-v112-skeleton\library\Zend\View\Abstract.php(884): Zend_View_Abstract->_script('hello/hello.pht...')
#1 C:\xampp\htdocs\zend-v112-skeleton\library\Zend\Controller\Action\Helper\ViewRenderer.php(900): Zend_View_Abstract->render('hello/hello.pht...')
#2 C:\xampp\htdocs\zend-v112-skeleton\library\Zend\Controller\Action\Helper\ViewRenderer.php(921): Zend_Controller_Action_Helper_ViewRenderer->renderScript('hello/hello.pht...', NULL)
#3 C:\xampp\htdocs\zend-v112-skeleton\library\Zend\Controller\Action\Helper\ViewRenderer.php(960): Zend_Controller_Action_Helper_ViewRenderer->render()
#4 C:\xampp\htdocs\zend-v112-skeleton\library\Zend\Controller\Action\HelperBroker.php(277): Zend_Controller_Action_Helper_ViewRenderer->postDispatch()
#5 C:\xampp\htdocs\zend-v112-skeleton\library\Zend\Controller\Action.php(527): Zend_Controller_Action_HelperBroker->notifyPostDispatch()
#6 C:\xampp\htdocs\zend-v112-skeleton\library\Zend\Controller\Dispatcher\Standard.php(308): Zend_Controller_Action->dispatch('helloAction')
#7 C:\xampp\htdocs\zend-v112-skeleton\library\Zend\Controller\Front.php(954): Zend_Controller_Dispatcher_Standard->dispatch(Object(Zend_Controller_Request_Http), Object(Zend_Controller_Response_Http))
#8 C:\xampp\htdocs\zend-v112-skeleton\library\Zend\Application\Bootstrap\Bootstrap.php(97): Zend_Controller_Front->dispatch()
#9 C:\xampp\htdocs\zend-v112-skeleton\init.php(34): Zend_Application_Bootstrap_Bootstrap->run()
#10 C:\xampp\htdocs\zend-v112-skeleton\public\index.php(3): Application::run()
#11 {main}
2017-04-07T12:31:23+00:00 CRIT (2): array (
  'controller' => 'hello',
  'module' => 'default',
  'action' => 'hello',
)
2017-04-07T12:31:24+00:00 CRIT (2): Application error
2017-04-07T12:31:24+00:00 CRIT (2): script 'hello/hello.phtml' not found in path (C:/xampp/htdocs/zend-v112-skeleton/application/modules/default/views\scripts/)
2017-04-07T12:31:24+00:00 CRIT (2): #0 C:\xampp\htdocs\zend-v112-skeleton\library\Zend\View\Abstract.php(884): Zend_View_Abstract->_script('hello/hello.pht...')
#1 C:\xampp\htdocs\zend-v112-skeleton\library\Zend\Controller\Action\Helper\ViewRenderer.php(900): Zend_View_Abstract->render('hello/hello.pht...')
#2 C:\xampp\htdocs\zend-v112-skeleton\library\Zend\Controller\Action\Helper\ViewRenderer.php(921): Zend_Controller_Action_Helper_ViewRenderer->renderScript('hello/hello.pht...', NULL)
#3 C:\xampp\htdocs\zend-v112-skeleton\library\Zend\Controller\Action\Helper\ViewRenderer.php(960): Zend_Controller_Action_Helper_ViewRenderer->render()
#4 C:\xampp\htdocs\zend-v112-skeleton\library\Zend\Controller\Action\HelperBroker.php(277): Zend_Controller_Action_Helper_ViewRenderer->postDispatch()
#5 C:\xampp\htdocs\zend-v112-skeleton\library\Zend\Controller\Action.php(527): Zend_Controller_Action_HelperBroker->notifyPostDispatch()
#6 C:\xampp\htdocs\zend-v112-skeleton\library\Zend\Controller\Dispatcher\Standard.php(308): Zend_Controller_Action->dispatch('helloAction')
#7 C:\xampp\htdocs\zend-v112-skeleton\library\Zend\Controller\Front.php(954): Zend_Controller_Dispatcher_Standard->dispatch(Object(Zend_Controller_Request_Http), Object(Zend_Controller_Response_Http))
#8 C:\xampp\htdocs\zend-v112-skeleton\library\Zend\Application\Bootstrap\Bootstrap.php(97): Zend_Controller_Front->dispatch()
#9 C:\xampp\htdocs\zend-v112-skeleton\init.php(34): Zend_Application_Bootstrap_Bootstrap->run()
#10 C:\xampp\htdocs\zend-v112-skeleton\public\index.php(3): Application::run()
#11 {main}
2017-04-07T12:31:24+00:00 CRIT (2): array (
  'controller' => 'hello',
  'module' => 'default',
  'action' => 'hello',
)
2017-04-07T12:32:54+00:00 NOTICE (5): Page not found
2017-04-07T12:32:54+00:00 NOTICE (5): Invalid controller class ("HelloController")
2017-04-07T12:32:54+00:00 NOTICE (5): #0 C:\xampp\htdocs\zend-v112-skeleton\library\Zend\Controller\Dispatcher\Standard.php(275): Zend_Controller_Dispatcher_Standard->loadClass('HelloController')
#1 C:\xampp\htdocs\zend-v112-skeleton\library\Zend\Controller\Front.php(954): Zend_Controller_Dispatcher_Standard->dispatch(Object(Zend_Controller_Request_Http), Object(Zend_Controller_Response_Http))
#2 C:\xampp\htdocs\zend-v112-skeleton\library\Zend\Application\Bootstrap\Bootstrap.php(97): Zend_Controller_Front->dispatch()
#3 C:\xampp\htdocs\zend-v112-skeleton\init.php(34): Zend_Application_Bootstrap_Bootstrap->run()
#4 C:\xampp\htdocs\zend-v112-skeleton\public\index.php(3): Application::run()
#5 {main}
2017-04-07T12:32:54+00:00 NOTICE (5): array (
  'controller' => 'hello',
  'module' => 'default',
  'action' => 'hello',
)
2017-04-07T12:33:10+00:00 NOTICE (5): Page not found
2017-04-07T12:33:10+00:00 NOTICE (5): Invalid controller specified (hello)
2017-04-07T12:33:10+00:00 NOTICE (5): #0 C:\xampp\htdocs\zend-v112-skeleton\library\Zend\Controller\Front.php(954): Zend_Controller_Dispatcher_Standard->dispatch(Object(Zend_Controller_Request_Http), Object(Zend_Controller_Response_Http))
#1 C:\xampp\htdocs\zend-v112-skeleton\library\Zend\Application\Bootstrap\Bootstrap.php(97): Zend_Controller_Front->dispatch()
#2 C:\xampp\htdocs\zend-v112-skeleton\init.php(34): Zend_Application_Bootstrap_Bootstrap->run()
#3 C:\xampp\htdocs\zend-v112-skeleton\public\index.php(3): Application::run()
#4 {main}
2017-04-07T12:33:10+00:00 NOTICE (5): array (
  'controller' => 'hello',
  'module' => 'default',
  'action' => 'hello',
)
2017-04-07T12:33:26+00:00 CRIT (2): Application error
2017-04-07T12:33:26+00:00 CRIT (2): script 'homepage/index.phtml' not found in path (C:/xampp/htdocs/zend-v112-skeleton/application/modules/default/views\scripts/)
2017-04-07T12:33:26+00:00 CRIT (2): #0 C:\xampp\htdocs\zend-v112-skeleton\library\Zend\View\Abstract.php(884): Zend_View_Abstract->_script('homepage/index....')
#1 C:\xampp\htdocs\zend-v112-skeleton\library\Zend\Controller\Action\Helper\ViewRenderer.php(900): Zend_View_Abstract->render('homepage/index....')
#2 C:\xampp\htdocs\zend-v112-skeleton\library\Zend\Controller\Action\Helper\ViewRenderer.php(921): Zend_Controller_Action_Helper_ViewRenderer->renderScript('homepage/index....', NULL)
#3 C:\xampp\htdocs\zend-v112-skeleton\library\Zend\Controller\Action\Helper\ViewRenderer.php(960): Zend_Controller_Action_Helper_ViewRenderer->render()
#4 C:\xampp\htdocs\zend-v112-skeleton\library\Zend\Controller\Action\HelperBroker.php(277): Zend_Controller_Action_Helper_ViewRenderer->postDispatch()
#5 C:\xampp\htdocs\zend-v112-skeleton\library\Zend\Controller\Action.php(527): Zend_Controller_Action_HelperBroker->notifyPostDispatch()
#6 C:\xampp\htdocs\zend-v112-skeleton\library\Zend\Controller\Dispatcher\Standard.php(308): Zend_Controller_Action->dispatch('indexAction')
#7 C:\xampp\htdocs\zend-v112-skeleton\library\Zend\Controller\Front.php(954): Zend_Controller_Dispatcher_Standard->dispatch(Object(Zend_Controller_Request_Http), Object(Zend_Controller_Response_Http))
#8 C:\xampp\htdocs\zend-v112-skeleton\library\Zend\Application\Bootstrap\Bootstrap.php(97): Zend_Controller_Front->dispatch()
#9 C:\xampp\htdocs\zend-v112-skeleton\init.php(34): Zend_Application_Bootstrap_Bootstrap->run()
#10 C:\xampp\htdocs\zend-v112-skeleton\public\index.php(3): Application::run()
#11 {main}
2017-04-07T12:33:26+00:00 CRIT (2): array (
  'controller' => 'homepage',
  'module' => 'default',
  'action' => 'index',
)
2017-04-09T10:45:16+00:00 NOTICE (5): Page not found
2017-04-09T10:45:16+00:00 NOTICE (5): Invalid controller specified (users)
2017-04-09T10:45:16+00:00 NOTICE (5): #0 C:\xampp\htdocs\zend-v112-skeleton\library\Zend\Controller\Front.php(954): Zend_Controller_Dispatcher_Standard->dispatch(Object(Zend_Controller_Request_Http), Object(Zend_Controller_Response_Http))
#1 C:\xampp\htdocs\zend-v112-skeleton\library\Zend\Application\Bootstrap\Bootstrap.php(97): Zend_Controller_Front->dispatch()
#2 C:\xampp\htdocs\zend-v112-skeleton\init.php(34): Zend_Application_Bootstrap_Bootstrap->run()
#3 C:\xampp\htdocs\zend-v112-skeleton\public\index.php(3): Application::run()
#4 {main}
2017-04-09T10:45:16+00:00 NOTICE (5): array (
  'controller' => 'users',
  'action' => 'index',
  'module' => 'default',
)
2017-04-19T11:31:53+00:00 NOTICE (5): Page not found
2017-04-19T11:31:53+00:00 NOTICE (5): Invalid controller specified (d)
2017-04-19T11:31:53+00:00 NOTICE (5): #0 C:\WWW\zend-v112-skeleton\library\Zend\Controller\Front.php(954): Zend_Controller_Dispatcher_Standard->dispatch(Object(Zend_Controller_Request_Http), Object(Zend_Controller_Response_Http))
#1 C:\WWW\zend-v112-skeleton\library\Zend\Application\Bootstrap\Bootstrap.php(97): Zend_Controller_Front->dispatch()
#2 C:\WWW\zend-v112-skeleton\init.php(34): Zend_Application_Bootstrap_Bootstrap->run()
#3 C:\WWW\zend-v112-skeleton\public\index.php(3): Application::run()
#4 {main}
2017-04-19T11:31:53+00:00 NOTICE (5): array (
  'controller' => 'd',
  'action' => 'index',
  'module' => 'default',
)
2017-04-19T11:37:26+00:00 NOTICE (5): Page not found
2017-04-19T11:37:26+00:00 NOTICE (5): Invalid controller specified (user)
2017-04-19T11:37:26+00:00 NOTICE (5): #0 C:\WWW\zend-v112-skeleton\library\Zend\Controller\Front.php(954): Zend_Controller_Dispatcher_Standard->dispatch(Object(Zend_Controller_Request_Http), Object(Zend_Controller_Response_Http))
#1 C:\WWW\zend-v112-skeleton\library\Zend\Application\Bootstrap\Bootstrap.php(97): Zend_Controller_Front->dispatch()
#2 C:\WWW\zend-v112-skeleton\init.php(34): Zend_Application_Bootstrap_Bootstrap->run()
#3 C:\WWW\zend-v112-skeleton\public\index.php(3): Application::run()
#4 {main}
2017-04-19T11:37:26+00:00 NOTICE (5): array (
  'controller' => 'user',
  'action' => 'index',
  'module' => 'default',
)
2017-04-19T11:38:42+00:00 NOTICE (5): Page not found.
2017-04-19T11:38:42+00:00 NOTICE (5): Invalid controller specified (user)
2017-04-19T11:38:42+00:00 NOTICE (5): #0 C:\WWW\zend-v112-skeleton\library\Zend\Controller\Front.php(954): Zend_Controller_Dispatcher_Standard->dispatch(Object(Zend_Controller_Request_Http), Object(Zend_Controller_Response_Http))
#1 C:\WWW\zend-v112-skeleton\library\Zend\Application\Bootstrap\Bootstrap.php(97): Zend_Controller_Front->dispatch()
#2 C:\WWW\zend-v112-skeleton\init.php(34): Zend_Application_Bootstrap_Bootstrap->run()
#3 C:\WWW\zend-v112-skeleton\public\index.php(3): Application::run()
#4 {main}
2017-04-19T11:38:42+00:00 NOTICE (5): array (
  'controller' => 'user',
  'action' => 'index',
  'module' => 'default',
)
2017-04-19T12:49:02+00:00 NOTICE (5): Page not found.
2017-04-19T12:49:02+00:00 NOTICE (5): Invalid controller specified (user)
2017-04-19T12:49:02+00:00 NOTICE (5): #0 C:\WWW\zend-v112-skeleton\library\Zend\Controller\Front.php(954): Zend_Controller_Dispatcher_Standard->dispatch(Object(Zend_Controller_Request_Http), Object(Zend_Controller_Response_Http))
#1 C:\WWW\zend-v112-skeleton\library\Zend\Application\Bootstrap\Bootstrap.php(97): Zend_Controller_Front->dispatch()
#2 C:\WWW\zend-v112-skeleton\init.php(34): Zend_Application_Bootstrap_Bootstrap->run()
#3 C:\WWW\zend-v112-skeleton\public\index.php(3): Application::run()
#4 {main}
2017-04-19T12:49:02+00:00 NOTICE (5): array (
  'controller' => 'user',
  'action' => 'index',
  'module' => 'default',
)
2017-04-27T10:10:39+00:00 NOTICE (5): Page not found.
2017-04-27T10:10:39+00:00 NOTICE (5): Invalid controller specified (d)
2017-04-27T10:10:39+00:00 NOTICE (5): #0 C:\WWW\zend-v112-skeleton\library\Zend\Controller\Front.php(954): Zend_Controller_Dispatcher_Standard->dispatch(Object(Zend_Controller_Request_Http), Object(Zend_Controller_Response_Http))
#1 C:\WWW\zend-v112-skeleton\library\Zend\Application\Bootstrap\Bootstrap.php(97): Zend_Controller_Front->dispatch()
#2 C:\WWW\zend-v112-skeleton\init.php(34): Zend_Application_Bootstrap_Bootstrap->run()
#3 C:\WWW\zend-v112-skeleton\public\index.php(3): Application::run()
#4 {main}
2017-04-27T10:10:39+00:00 NOTICE (5): array (
  'controller' => 'd',
  'action' => 'index',
  'module' => 'default',
)
2017-04-27T10:10:47+00:00 NOTICE (5): Page not found.
2017-04-27T10:10:47+00:00 NOTICE (5): Invalid controller specified (ddfs)
2017-04-27T10:10:47+00:00 NOTICE (5): #0 C:\WWW\zend-v112-skeleton\library\Zend\Controller\Front.php(954): Zend_Controller_Dispatcher_Standard->dispatch(Object(Zend_Controller_Request_Http), Object(Zend_Controller_Response_Http))
#1 C:\WWW\zend-v112-skeleton\library\Zend\Application\Bootstrap\Bootstrap.php(97): Zend_Controller_Front->dispatch()
#2 C:\WWW\zend-v112-skeleton\init.php(34): Zend_Application_Bootstrap_Bootstrap->run()
#3 C:\WWW\zend-v112-skeleton\public\index.php(3): Application::run()
#4 {main}
2017-04-27T10:10:47+00:00 NOTICE (5): array (
  'controller' => 'ddfs',
  'action' => 'index',
  'module' => 'default',
)
2017-04-27T10:11:48+00:00 NOTICE (5): Page not found.
2017-04-27T10:11:48+00:00 NOTICE (5): Invalid controller specified (ddfs)
2017-04-27T10:11:48+00:00 NOTICE (5): #0 C:\WWW\zend-v112-skeleton\library\Zend\Controller\Front.php(954): Zend_Controller_Dispatcher_Standard->dispatch(Object(Zend_Controller_Request_Http), Object(Zend_Controller_Response_Http))
#1 C:\WWW\zend-v112-skeleton\library\Zend\Application\Bootstrap\Bootstrap.php(97): Zend_Controller_Front->dispatch()
#2 C:\WWW\zend-v112-skeleton\init.php(34): Zend_Application_Bootstrap_Bootstrap->run()
#3 C:\WWW\zend-v112-skeleton\public\index.php(3): Application::run()
#4 {main}
2017-04-27T10:11:48+00:00 NOTICE (5): array (
  'controller' => 'ddfs',
  'action' => 'index',
  'module' => 'default',
)
2017-04-27T10:13:51+00:00 NOTICE (5): Page not found.
2017-04-27T10:13:51+00:00 NOTICE (5): Invalid controller specified (ddfs)
2017-04-27T10:13:51+00:00 NOTICE (5): #0 C:\WWW\zend-v112-skeleton\library\Zend\Controller\Front.php(954): Zend_Controller_Dispatcher_Standard->dispatch(Object(Zend_Controller_Request_Http), Object(Zend_Controller_Response_Http))
#1 C:\WWW\zend-v112-skeleton\library\Zend\Application\Bootstrap\Bootstrap.php(97): Zend_Controller_Front->dispatch()
#2 C:\WWW\zend-v112-skeleton\init.php(34): Zend_Application_Bootstrap_Bootstrap->run()
#3 C:\WWW\zend-v112-skeleton\public\index.php(4): Application::run()
#4 {main}
2017-04-27T10:13:51+00:00 NOTICE (5): array (
  'controller' => 'ddfs',
  'action' => 'index',
  'module' => 'default',
)
2017-04-27T10:15:24+00:00 NOTICE (5): Page not found.
2017-04-27T10:15:24+00:00 NOTICE (5): Invalid controller specified (ddfs)
2017-04-27T10:15:24+00:00 NOTICE (5): #0 C:\WWW\zend-v112-skeleton\library\Zend\Controller\Front.php(954): Zend_Controller_Dispatcher_Standard->dispatch(Object(Zend_Controller_Request_Http), Object(Zend_Controller_Response_Http))
#1 C:\WWW\zend-v112-skeleton\library\Zend\Application\Bootstrap\Bootstrap.php(97): Zend_Controller_Front->dispatch()
#2 C:\WWW\zend-v112-skeleton\init.php(36): Zend_Application_Bootstrap_Bootstrap->run()
#3 C:\WWW\zend-v112-skeleton\public\index.php(4): Application::run()
#4 {main}
2017-04-27T10:15:24+00:00 NOTICE (5): array (
  'controller' => 'ddfs',
  'action' => 'index',
  'module' => 'default',
)
2017-04-27T10:15:50+00:00 NOTICE (5): Page not found.
2017-04-27T10:15:50+00:00 NOTICE (5): Invalid controller specified (ddfs)
2017-04-27T10:15:50+00:00 NOTICE (5): #0 C:\WWW\zend-v112-skeleton\library\Zend\Controller\Front.php(954): Zend_Controller_Dispatcher_Standard->dispatch(Object(Zend_Controller_Request_Http), Object(Zend_Controller_Response_Http))
#1 C:\WWW\zend-v112-skeleton\library\Zend\Application\Bootstrap\Bootstrap.php(97): Zend_Controller_Front->dispatch()
#2 C:\WWW\zend-v112-skeleton\init.php(36): Zend_Application_Bootstrap_Bootstrap->run()
#3 C:\WWW\zend-v112-skeleton\public\index.php(3): Application::run()
#4 {main}
2017-04-27T10:15:50+00:00 NOTICE (5): array (
  'controller' => 'ddfs',
  'action' => 'index',
  'module' => 'default',
)
2017-04-27T10:16:20+00:00 NOTICE (5): Page not found.
2017-04-27T10:16:20+00:00 NOTICE (5): Invalid controller specified (ddfs)
2017-04-27T10:16:20+00:00 NOTICE (5): #0 C:\WWW\zend-v112-skeleton\library\Zend\Controller\Front.php(954): Zend_Controller_Dispatcher_Standard->dispatch(Object(Zend_Controller_Request_Http), Object(Zend_Controller_Response_Http))
#1 C:\WWW\zend-v112-skeleton\library\Zend\Application\Bootstrap\Bootstrap.php(97): Zend_Controller_Front->dispatch()
#2 C:\WWW\zend-v112-skeleton\init.php(36): Zend_Application_Bootstrap_Bootstrap->run()
#3 C:\WWW\zend-v112-skeleton\public\index.php(3): Application::run()
#4 {main}
2017-04-27T10:16:20+00:00 NOTICE (5): array (
  'controller' => 'ddfs',
  'action' => 'index',
  'module' => 'default',
)
2017-04-27T10:16:27+00:00 NOTICE (5): Page not found.
2017-04-27T10:16:27+00:00 NOTICE (5): Invalid controller specified (ddfs)
2017-04-27T10:16:27+00:00 NOTICE (5): #0 C:\WWW\zend-v112-skeleton\library\Zend\Controller\Front.php(954): Zend_Controller_Dispatcher_Standard->dispatch(Object(Zend_Controller_Request_Http), Object(Zend_Controller_Response_Http))
#1 C:\WWW\zend-v112-skeleton\library\Zend\Application\Bootstrap\Bootstrap.php(97): Zend_Controller_Front->dispatch()
#2 C:\WWW\zend-v112-skeleton\init.php(36): Zend_Application_Bootstrap_Bootstrap->run()
#3 C:\WWW\zend-v112-skeleton\public\index.php(3): Application::run()
#4 {main}
2017-04-27T10:16:27+00:00 NOTICE (5): array (
  'controller' => 'ddfs',
  'action' => 'index',
  'module' => 'default',
)
2017-04-27T10:16:39+00:00 NOTICE (5): Page not found.
2017-04-27T10:16:39+00:00 NOTICE (5): Invalid controller specified (ddfs)
2017-04-27T10:16:39+00:00 NOTICE (5): #0 C:\WWW\zend-v112-skeleton\library\Zend\Controller\Front.php(954): Zend_Controller_Dispatcher_Standard->dispatch(Object(Zend_Controller_Request_Http), Object(Zend_Controller_Response_Http))
#1 C:\WWW\zend-v112-skeleton\library\Zend\Application\Bootstrap\Bootstrap.php(97): Zend_Controller_Front->dispatch()
#2 C:\WWW\zend-v112-skeleton\init.php(36): Zend_Application_Bootstrap_Bootstrap->run()
#3 C:\WWW\zend-v112-skeleton\public\index.php(3): Application::run()
#4 {main}
2017-04-27T10:16:39+00:00 NOTICE (5): array (
  'controller' => 'ddfs',
  'action' => 'index',
  'module' => 'default',
)
